DevTools failed to load source map: Could not load content for https://food.grab.com/_next/static/runtime/webpack-2260b61f6f77a6a6b886.js.map: HTTP error: status code 403, net::ERR_HTTP_RESPONSE_CODE_FAILURE
DevTools failed to load source map: Could not load content for https://food.grab.com/_next/static/chunks/styles.494c6daec0abb05cf3cf.js.map: HTTP error: status code 403, net::ERR_HTTP_RESPONSE_CODE_FAILURE
DevTools failed to load source map: Could not load content for https://food.grab.com/_next/static/chunks/commons.074fc142b53d22ba5b6c.js.map: HTTP error: status code 403, net::ERR_HTTP_RESPONSE_CODE_FAILURE
DevTools failed to load source map: Could not load content for https://food.grab.com/_next/static/runtime/main-b74b1c3c222c90264137.js.map: HTTP error: status code 403, net::ERR_HTTP_RESPONSE_CODE_FAILURE
DevTools failed to load source map: Could not load content for https://food.grab.com/_next/static/chunks/152.3dc0e610cd6a9d9c5ee3.js.map: HTTP error: status code 403, net::ERR_HTTP_RESPONSE_CODE_FAILURE
DevTools failed to load source map: Could not load content for https://food.grab.com/_next/static/chunks/151.c93116c358c3969353a9.js.map: HTTP error: status code 403, net::ERR_HTTP_RESPONSE_CODE_FAILURE
DevTools failed to load source map: Could not load content for https://food.grab.com/__cypress/runner/popper.js.map: HTTP error: status code 404, net::ERR_HTTP_RESPONSE_CODE_FAILURE
DevTools failed to load source map: Could not load content for https://food.grab.com/_next/static/chunks/150.f5a466cddc03b58284a9.js.map: HTTP error: status code 403, net::ERR_HTTP_RESPONSE_CODE_FAILURE
DevTools failed to load source map: Could not load content for https://food.grab.com/_next/static/2TdbnU149~eYASpL~ZQRj/pages/restaurants.js.map: HTTP error: status code 403, net::ERR_HTTP_RESPONSE_CODE_FAILURE
DevTools failed to load source map: Could not load content for https://food.grab.com/_next/static/chunks/124.f81a855ef909c2ac27c5.js.map: HTTP error: status code 403, net::ERR_HTTP_RESPONSE_CODE_FAILURE
DevTools failed to load source map: Could not load content for https://food.grab.com/_next/static/chunks/137.8d60935e1a2b3d60ba24.js.map: HTTP error: status code 403, net::ERR_HTTP_RESPONSE_CODE_FAILURE
DevTools failed to load source map: Could not load content for https://food.grab.com/_next/static/2TdbnU149~eYASpL~ZQRj/pages/index.js.map: HTTP error: status code 403, net::ERR_HTTP_RESPONSE_CODE_FAILURE
DevTools failed to load source map: Could not load content for https://food.grab.com/_next/static/2TdbnU149~eYASpL~ZQRj/pages/_app.js.map: HTTP error: status code 403, net::ERR_HTTP_RESPONSE_CODE_FAILURE
DevTools failed to load source map: Could not load content for https://food.grab.com/_next/static/chunks/146.5cc25d7743407960833f.js.map: HTTP error: status code 403, net::ERR_HTTP_RESPONSE_CODE_FAILURE
DevTools failed to load source map: Could not load content for https://food.grab.com/_next/static/chunks/112.c5c721d6b1f6b02bbed4.js.map: HTTP error: status code 403, net::ERR_HTTP_RESPONSE_CODE_FAILURE
DevTools failed to load source map: Could not load content for https://food.grab.com/_next/static/chunks/127.8222f9ed11fe710d543a.js.map: HTTP error: status code 403, net::ERR_HTTP_RESPONSE_CODE_FAILURE
DevTools failed to load source map: Could not load content for https://food.grab.com/_next/static/chunks/133.6fe4510a0bade623fd20.js.map: HTTP error: status code 403, net::ERR_HTTP_RESPONSE_CODE_FAILURE
DevTools failed to load source map: Could not load content for https://food.grab.com/_next/static/chunks/3.5d0bc4f5ec481f72aff4.js.map: HTTP error: status code 403, net::ERR_HTTP_RESPONSE_CODE_FAILURE
DevTools failed to load source map: Could not load content for https://food.grab.com/_next/static/chunks/136.ff85cd2297a8e5bf9619.js.map: HTTP error: status code 403, net::ERR_HTTP_RESPONSE_CODE_FAILURE
DevTools failed to load source map: Could not load content for https://food.grab.com/_next/static/chunks/styles.494c6daec0abb05cf3cf.js.map: HTTP error: status code 403, net::ERR_HTTP_RESPONSE_CODE_FAILURE
DevTools failed to load source map: Could not load content for https://food.grab.com/_next/static/runtime/webpack-2260b61f6f77a6a6b886.js.map: HTTP error: status code 403, net::ERR_HTTP_RESPONSE_CODE_FAILURE
DevTools failed to load source map: Could not load content for https://food.grab.com/_next/static/chunks/commons.074fc142b53d22ba5b6c.js.map: HTTP error: status code 403, net::ERR_HTTP_RESPONSE_CODE_FAILURE
DevTools failed to load source map: Could not load content for https://food.grab.com/_next/static/runtime/main-b74b1c3c222c90264137.js.map: HTTP error: status code 403, net::ERR_HTTP_RESPONSE_CODE_FAILURE
DevTools failed to load source map: Could not load content for https://food.grab.com/_next/static/chunks/152.3dc0e610cd6a9d9c5ee3.js.map: HTTP error: status code 403, net::ERR_HTTP_RESPONSE_CODE_FAILURE
DevTools failed to load source map: Could not load content for https://food.grab.com/__cypress/runner/popper.js.map: HTTP error: status code 404, net::ERR_HTTP_RESPONSE_CODE_FAILURE
DevTools failed to load source map: Could not load content for https://food.grab.com/_next/static/chunks/150.f5a466cddc03b58284a9.js.map: HTTP error: status code 403, net::ERR_HTTP_RESPONSE_CODE_FAILURE
DevTools failed to load source map: Could not load content for https://food.grab.com/_next/static/chunks/151.c93116c358c3969353a9.js.map: HTTP error: status code 403, net::ERR_HTTP_RESPONSE_CODE_FAILURE
DevTools failed to load source map: Could not load content for https://food.grab.com/_next/static/2TdbnU149~eYASpL~ZQRj/pages/restaurants.js.map: HTTP error: status code 403, net::ERR_HTTP_RESPONSE_CODE_FAILURE
DevTools failed to load source map: Could not load content for https://food.grab.com/_next/static/chunks/124.f81a855ef909c2ac27c5.js.map: HTTP error: status code 403, net::ERR_HTTP_RESPONSE_CODE_FAILURE
DevTools failed to load source map: Could not load content for https://food.grab.com/_next/static/chunks/137.8d60935e1a2b3d60ba24.js.map: HTTP error: status code 403, net::ERR_HTTP_RESPONSE_CODE_FAILURE
DevTools failed to load source map: Could not load content for https://food.grab.com/_next/static/2TdbnU149~eYASpL~ZQRj/pages/index.js.map: HTTP error: status code 403, net::ERR_HTTP_RESPONSE_CODE_FAILURE
DevTools failed to load source map: Could not load content for https://food.grab.com/_next/static/2TdbnU149~eYASpL~ZQRj/pages/_app.js.map: HTTP error: status code 403, net::ERR_HTTP_RESPONSE_CODE_FAILURE
DevTools failed to load source map: Could not load content for https://food.grab.com/_next/static/chunks/146.5cc25d7743407960833f.js.map: HTTP error: status code 403, net::ERR_HTTP_RESPONSE_CODE_FAILURE
DevTools failed to load source map: Could not load content for https://food.grab.com/_next/static/chunks/112.c5c721d6b1f6b02bbed4.js.map: HTTP error: status code 403, net::ERR_HTTP_RESPONSE_CODE_FAILURE
DevTools failed to load source map: Could not load content for https://food.grab.com/_next/static/chunks/127.8222f9ed11fe710d543a.js.map: HTTP error: status code 403, net::ERR_HTTP_RESPONSE_CODE_FAILURE
DevTools failed to load source map: Could not load content for https://food.grab.com/_next/static/chunks/133.6fe4510a0bade623fd20.js.map: HTTP error: status code 403, net::ERR_HTTP_RESPONSE_CODE_FAILURE
DevTools failed to load source map: Could not load content for https://food.grab.com/_next/static/chunks/3.5d0bc4f5ec481f72aff4.js.map: HTTP error: status code 403, net::ERR_HTTP_RESPONSE_CODE_FAILURE
DevTools failed to load source map: Could not load content for https://food.grab.com/_next/static/chunks/136.ff85cd2297a8e5bf9619.js.map: HTTP error: status code 403, net::ERR_HTTP_RESPONSE_CODE_FAILURE
DevTools failed to load source map: Could not load content for https://food.grab.com/_next/static/runtime/webpack-2260b61f6f77a6a6b886.js.map: HTTP error: status code 403, net::ERR_HTTP_RESPONSE_CODE_FAILURE
DevTools failed to load source map: Could not load content for https://food.grab.com/_next/static/chunks/styles.494c6daec0abb05cf3cf.js.map: HTTP error: status code 403, net::ERR_HTTP_RESPONSE_CODE_FAILURE
DevTools failed to load source map: Could not load content for https://food.grab.com/_next/static/chunks/commons.074fc142b53d22ba5b6c.js.map: HTTP error: status code 403, net::ERR_HTTP_RESPONSE_CODE_FAILURE
DevTools failed to load source map: Could not load content for https://food.grab.com/_next/static/runtime/main-b74b1c3c222c90264137.js.map: HTTP error: status code 403, net::ERR_HTTP_RESPONSE_CODE_FAILURE
cypress_runner.js:191003 console.clear() was prevented due to 'Preserve log'
cypress_runner.js:190995 Event:                     request
cypress_runner.js:190995 Resource type:             xhr
cypress_runner.js:190995 Method:                    POST
cypress_runner.js:190995 Url:                       https://portal.grab.com/foodweb/v2/search
cypress_runner.js:190995 Request went to origin?:   yes
cypress_runner.js:190995 Xhr:                       XMLHttpRequest
cypress_runner.js:190995 Matched `cy.intercept()`:  Object
cypress_runner.js:190995 Request headers:           Object
cypress_runner.js:190995 Request body:              ObjectcountryCode: "PH"keyword: ""latlng: "14.5995,120.9842"offset: 8pageSize: 32[[Prototype]]: Objectconstructor: ƒ Object()hasOwnProperty: ƒ hasOwnProperty()isPrototypeOf: ƒ isPrototypeOf()propertyIsEnumerable: ƒ propertyIsEnumerable()toLocaleString: ƒ toLocaleString()toString: ƒ toString()valueOf: ƒ valueOf()__defineGetter__: ƒ __defineGetter__()__defineSetter__: ƒ __defineSetter__()__lookupGetter__: ƒ __lookupGetter__()__lookupSetter__: ƒ __lookupSetter__()__proto__: (...)get __proto__: ƒ __proto__()set __proto__: ƒ __proto__()
cypress_runner.js:190995 Response status code:      200
cypress_runner.js:190995 Response headers:          Object
cypress_runner.js:190995 Response body:             {"searchResult":{"searchID":"9e356387f8884502807419b14b2ec6bb","totalCount":515,"searchMerchants":[{"id":"2-CY43RAEDNYVFPA","address":{"name":"49 Peso Street Food - UST [Available for LONG-DISTANCE DELIVERY]"},"latlng":{"latitude":14.611589261386001,"longitude":120.987806},"estimatedDeliveryTime":31,"merchantBrief":{"description":"Prices are all VAT inclusive. Prices may also vary or be subject to change by the merchant.","cuisine":["Chicken","Casual Dining","American"],"photoHref":"https://d1sag4ddilekf6.azureedge.net/compressed/merchants/2-CY43RAEDNYVFPA/hero/ebb6d4a8d80b48fba508ac63a1ccc4cc_1575973850731243921.png","isIntegrated":true,"openHours":{"open":true,"displayedHours":"00:00-23:59","sun":"00:00-23:59","mon":"00:00-23:59","tue":"00:00-23:59","wed":"00:00-23:59","thu":"00:00-23:59","fri":"00:00-23:59","sat":"00:00-23:59"},"distanceInKm":1.459,"rating":3.6,"vote_count":121,"deliverBy":"GRAB","operationHours":"{\"open\":null,\"close\":[{\"endDateTime\":\"2020-09-08T20:42:46+08:00\",\"hours\":\"Closed\",\"metadata\":{\"description\":\"Automated DRM Closed Temporary146052581\"},\"type\":\"tempPause\"}]}","displayInfo":{"primaryText":"49 Peso Street Food - UST [Available for LONG-DISTANCE DELIVERY]"},"deliverOptions":"ONLY_DELIVERY"},"chainID":"49PesoStreetFood","chainName":"49 Peso Street Food","metadata":{"origin":["NonKeyword::","Search"],"discovery":{"requestID":"a5af49ab-a9d7-4b22-9d4f-7528d5589b5b","service":"foodsearch","method":"nonKeywordSearch","discoverID":"9e356387f8884502807419b14b2ec6bb","rerankMethod":"NonKeywordRankMerchant:postrerank_mog_2:default_group","searchFeatures":"flagMergeQueryResults=0","customDimensions":"business_type=0,is_keyword=false","postRerankGroupID":"NonKeywordRankMerchant:postrerank_mog_2:default_group","recallSource":"text"}},"businessType":"FOOD"},{"id":"2-C2VZMEUEPGADDA","address":{"name":"Zark's Burgers - UST [Available for LONG-DISTANCE DELIVERY]"},"latlng":{"latitude":14.612326490857981,"longitude":120.98750927116521},"estimatedDeliveryTime":30,"merchantBrief":{"description":"Prices are all VAT inclusive. Prices may also vary or be subject to change by the merchant.","cuisine":["American","Burgers","Casual Dining"],"photoHref":"https://d1sag4ddilekf6.azureedge.net/compressed/merchants/2-C2VZMEUEPGADDA/hero/967753be43c04c5aadb8cfa8e0ea5b3f_1625659892417390834.jpeg","smallPhotoHref":"https://d1sag4ddilekf6.azureedge.net/compressed/merchants/2-C2VZMEUEPGADDA/list/d7714c67fada4116a167c443c4fd1b74_1625731600425025090.jpeg","isIntegrated":true,"openHours":{"open":true,"displayedHours":"00:00-23:59","sun":"00:00-23:59","mon":"00:00-23:59","tue":"00:00-23:59","wed":"00:00-23:59","thu":"00:00-23:59","fri":"00:00-23:59","sat":"00:00-23:59"},"distanceInKm":1.575,"rating":4.2,"vote_count":72,"promo":{"hasPromo":true,"description":"P40 Off, V Burger w Fries \u0026 Drink"},"deliverBy":"GRAB","displayInfo":{"primaryText":"Zark's Burgers - UST [Available for LONG-DISTANCE DELIVERY]"},"deliverOptions":"ONLY_DELIVERY"},"chainID":"ZarksBurgers","chainName":"Zark's Burgers","branchMerchants":[{"id":"2-C2VZMEUEPGADDA","address":{"name":"Zark's Burgers - UST [Available for LONG-DISTANCE DELIVERY]"},"latlng":{"latitude":14.612326490857981,"longitude":120.98750927116521},"estimatedDeliveryTime":30,"merchantBrief":{"description":"Prices are all VAT inclusive. Prices may also vary or be subject to change by the merchant.","cuisine":["American","Burgers","Casual Dining"],"photoHref":"https://d1sag4ddilekf6.azureedge.net/compressed/merchants/2-C2VZMEUEPGADDA/hero/967753be43c04c5aadb8cfa8e0ea5b3f_1625659892417390834.jpeg","smallPhotoHref":"https://d1sag4ddilekf6.azureedge.net/compressed/merchants/2-C2VZMEUEPGADDA/list/d7714c67fada4116a167c443c4fd1b74_1625731600425025090.jpeg","isIntegrated":true,"openHours":{"open":true,"displayedHours":"00:00-23:59","sun":"00:00-23:59","mon":"00:00-23:59","tue":"00:00-23:59","wed":"00:00-23:59","thu":"00:00-23:59","fri":"00:00-23:59","sat":"00:00-23:59"},"distanceInKm":1.575,"rating":4.2,"vote_count":72,"promo":{"hasPromo":true,"description":"P40 Off, V Burger w Fries \u0026 Drink"},"deliverBy":"GRAB","displayInfo":{"primaryText":"Zark's Burgers - UST [Available for LONG-DISTANCE DELIVERY]"},"deliverOptions":"ONLY_DELIVERY"},"chainID":"ZarksBurgers","chainName":"Zark's Burgers","branchName":"UST [Available for LONG-DISTANCE DELIVERY]","metadata":{"origin":["NonKeyword::","Search"],"discovery":{"requestID":"a5af49ab-a9d7-4b22-9d4f-7528d5589b5b","service":"foodsearch","method":"nonKeywordSearch","discoverID":"9e356387f8884502807419b14b2ec6bb","rerankMethod":"NonKeywordRankMerchant:postrerank_mog_2:default_group","searchFeatures":"flagMergeQueryResults=0","customDimensions":"business_type=0,is_keyword=false","postRerankGroupID":"NonKeywordRankMerchant:postrerank_mog_2:default_group","recallSource":"text"}},"businessType":"FOOD"},{"id":"PHGFSTI000000tt","address":{"name":"Zark's Burgers - SM Manila [Available for LONG-DISTANCE DELIVERY]"},"latlng":{"latitude
DevTools failed to load source map: Could not load content for https://food.grab.com/_next/static/chunks/152.3dc0e610cd6a9d9c5ee3.js.map: HTTP error: status code 403, net::ERR_HTTP_RESPONSE_CODE_FAILURE
DevTools failed to load source map: Could not load content for https://food.grab.com/_next/static/chunks/151.c93116c358c3969353a9.js.map: HTTP error: status code 403, net::ERR_HTTP_RESPONSE_CODE_FAILURE
DevTools failed to load source map: Could not load content for https://food.grab.com/_next/static/chunks/150.f5a466cddc03b58284a9.js.map: HTTP error: status code 403, net::ERR_HTTP_RESPONSE_CODE_FAILURE
DevTools failed to load source map: Could not load content for https://food.grab.com/__cypress/runner/popper.js.map: HTTP error: status code 404, net::ERR_HTTP_RESPONSE_CODE_FAILURE
DevTools failed to load source map: Could not load content for https://food.grab.com/_next/static/2TdbnU149~eYASpL~ZQRj/pages/restaurants.js.map: HTTP error: status code 403, net::ERR_HTTP_RESPONSE_CODE_FAILURE
DevTools failed to load source map: Could not load content for https://food.grab.com/_next/static/chunks/137.8d60935e1a2b3d60ba24.js.map: HTTP error: status code 403, net::ERR_HTTP_RESPONSE_CODE_FAILURE
DevTools failed to load source map: Could not load content for https://food.grab.com/_next/static/chunks/124.f81a855ef909c2ac27c5.js.map: HTTP error: status code 403, net::ERR_HTTP_RESPONSE_CODE_FAILURE
DevTools failed to load source map: Could not load content for https://food.grab.com/_next/static/chunks/146.5cc25d7743407960833f.js.map: HTTP error: status code 403, net::ERR_HTTP_RESPONSE_CODE_FAILURE
DevTools failed to load source map: Could not load content for https://food.grab.com/_next/static/chunks/112.c5c721d6b1f6b02bbed4.js.map: HTTP error: status code 403, net::ERR_HTTP_RESPONSE_CODE_FAILURE
DevTools failed to load source map: Could not load content for https://food.grab.com/_next/static/chunks/127.8222f9ed11fe710d543a.js.map: HTTP error: status code 403, net::ERR_HTTP_RESPONSE_CODE_FAILURE
DevTools failed to load source map: Could not load content for https://food.grab.com/_next/static/chunks/133.6fe4510a0bade623fd20.js.map: HTTP error: status code 403, net::ERR_HTTP_RESPONSE_CODE_FAILURE
DevTools failed to load source map: Could not load content for https://food.grab.com/_next/static/chunks/3.5d0bc4f5ec481f72aff4.js.map: HTTP error: status code 403, net::ERR_HTTP_RESPONSE_CODE_FAILURE
DevTools failed to load source map: Could not load content for https://food.grab.com/_next/static/chunks/136.ff85cd2297a8e5bf9619.js.map: HTTP error: status code 403, net::ERR_HTTP_RESPONSE_CODE_FAILURE
DevTools failed to load source map: Could not load content for https://food.grab.com/_next/static/runtime/webpack-2260b61f6f77a6a6b886.js.map: HTTP error: status code 403, net::ERR_HTTP_RESPONSE_CODE_FAILURE
DevTools failed to load source map: Could not load content for https://food.grab.com/_next/static/2TdbnU149~eYASpL~ZQRj/pages/index.js.map: HTTP error: status code 403, net::ERR_HTTP_RESPONSE_CODE_FAILURE
DevTools failed to load source map: Could not load content for https://food.grab.com/_next/static/2TdbnU149~eYASpL~ZQRj/pages/_app.js.map: HTTP error: status code 403, net::ERR_HTTP_RESPONSE_CODE_FAILURE
DevTools failed to load source map: Could not load content for https://food.grab.com/_next/static/chunks/styles.494c6daec0abb05cf3cf.js.map: HTTP error: status code 403, net::ERR_HTTP_RESPONSE_CODE_FAILURE
DevTools failed to load source map: Could not load content for https://food.grab.com/_next/static/chunks/commons.074fc142b53d22ba5b6c.js.map: HTTP error: status code 403, net::ERR_HTTP_RESPONSE_CODE_FAILURE
DevTools failed to load source map: Could not load content for https://food.grab.com/_next/static/runtime/main-b74b1c3c222c90264137.js.map: HTTP error: status code 403, net::ERR_HTTP_RESPONSE_CODE_FAILURE
DevTools failed to load source map: Could not load content for https://food.grab.com/_next/static/chunks/152.3dc0e610cd6a9d9c5ee3.js.map: HTTP error: status code 403, net::ERR_HTTP_RESPONSE_CODE_FAILURE
DevTools failed to load source map: Could not load content for https://food.grab.com/_next/static/chunks/151.c93116c358c3969353a9.js.map: HTTP error: status code 403, net::ERR_HTTP_RESPONSE_CODE_FAILURE
DevTools failed to load source map: Could not load content for https://food.grab.com/_next/static/chunks/150.f5a466cddc03b58284a9.js.map: HTTP error: status code 403, net::ERR_HTTP_RESPONSE_CODE_FAILURE
DevTools failed to load source map: Could not load content for https://food.grab.com/_next/static/2TdbnU149~eYASpL~ZQRj/pages/restaurants.js.map: HTTP error: status code 403, net::ERR_HTTP_RESPONSE_CODE_FAILURE
DevTools failed to load source map: Could not load content for https://food.grab.com/_next/static/chunks/137.8d60935e1a2b3d60ba24.js.map: HTTP error: status code 403, net::ERR_HTTP_RESPONSE_CODE_FAILURE
DevTools failed to load source map: Could not load content for https://food.grab.com/_next/static/chunks/124.f81a855ef909c2ac27c5.js.map: HTTP error: status code 403, net::ERR_HTTP_RESPONSE_CODE_FAILURE
DevTools failed to load source map: Could not load content for https://food.grab.com/__cypress/runner/popper.js.map: HTTP error: status code 404, net::ERR_HTTP_RESPONSE_CODE_FAILURE
DevTools failed to load source map: Could not load content for https://food.grab.com/_next/static/2TdbnU149~eYASpL~ZQRj/pages/index.js.map: HTTP error: status code 403, net::ERR_HTTP_RESPONSE_CODE_FAILURE
DevTools failed to load source map: Could not load content for https://food.grab.com/_next/static/chunks/146.5cc25d7743407960833f.js.map: HTTP error: status code 403, net::ERR_HTTP_RESPONSE_CODE_FAILURE
DevTools failed to load source map: Could not load content for https://food.grab.com/_next/static/2TdbnU149~eYASpL~ZQRj/pages/_app.js.map: HTTP error: status code 403, net::ERR_HTTP_RESPONSE_CODE_FAILURE
DevTools failed to load source map: Could not load content for https://food.grab.com/_next/static/chunks/112.c5c721d6b1f6b02bbed4.js.map: HTTP error: status code 403, net::ERR_HTTP_RESPONSE_CODE_FAILURE
DevTools failed to load source map: Could not load content for https://food.grab.com/_next/static/chunks/127.8222f9ed11fe710d543a.js.map: HTTP error: status code 403, net::ERR_HTTP_RESPONSE_CODE_FAILURE
DevTools failed to load source map: Could not load content for https://food.grab.com/_next/static/chunks/133.6fe4510a0bade623fd20.js.map: HTTP error: status code 403, net::ERR_HTTP_RESPONSE_CODE_FAILURE
DevTools failed to load source map: Could not load content for https://food.grab.com/_next/static/chunks/3.5d0bc4f5ec481f72aff4.js.map: HTTP error: status code 403, net::ERR_HTTP_RESPONSE_CODE_FAILURE
DevTools failed to load source map: Could not load content for https://food.grab.com/_next/static/chunks/136.ff85cd2297a8e5bf9619.js.map: HTTP error: status code 403, net::ERR_HTTP_RESPONSE_CODE_FAILURE
DevTools failed to load source map: Could not load content for https://food.grab.com/_next/static/runtime/webpack-2260b61f6f77a6a6b886.js.map: HTTP error: status code 403, net::ERR_HTTP_RESPONSE_CODE_FAILURE
DevTools failed to load source map: Could not load content for https://food.grab.com/_next/static/chunks/styles.494c6daec0abb05cf3cf.js.map: HTTP error: status code 403, net::ERR_HTTP_RESPONSE_CODE_FAILURE
DevTools failed to load source map: Could not load content for https://food.grab.com/_next/static/chunks/commons.074fc142b53d22ba5b6c.js.map: HTTP error: status code 403, net::ERR_HTTP_RESPONSE_CODE_FAILURE
DevTools failed to load source map: Could not load content for https://food.grab.com/_next/static/runtime/main-b74b1c3c222c90264137.js.map: HTTP error: status code 403, net::ERR_HTTP_RESPONSE_CODE_FAILURE
DevTools failed to load source map: Could not load content for https://food.grab.com/_next/static/chunks/152.3dc0e610cd6a9d9c5ee3.js.map: HTTP error: status code 403, net::ERR_HTTP_RESPONSE_CODE_FAILURE
DevTools failed to load source map: Could not load content for https://food.grab.com/_next/static/chunks/151.c93116c358c3969353a9.js.map: HTTP error: status code 403, net::ERR_HTTP_RESPONSE_CODE_FAILURE
DevTools failed to load source map: Could not load content for https://food.grab.com/_next/static/chunks/150.f5a466cddc03b58284a9.js.map: HTTP error: status code 403, net::ERR_HTTP_RESPONSE_CODE_FAILURE
DevTools failed to load source map: Could not load content for https://food.grab.com/_next/static/chunks/137.8d60935e1a2b3d60ba24.js.map: HTTP error: status code 403, net::ERR_HTTP_RESPONSE_CODE_FAILURE
DevTools failed to load source map: Could not load content for https://food.grab.com/_next/static/2TdbnU149~eYASpL~ZQRj/pages/restaurants.js.map: HTTP error: status code 403, net::ERR_HTTP_RESPONSE_CODE_FAILURE
DevTools failed to load source map: Could not load content for https://food.grab.com/_next/static/chunks/124.f81a855ef909c2ac27c5.js.map: HTTP error: status code 403, net::ERR_HTTP_RESPONSE_CODE_FAILURE
